<?xml version="1.0" encoding="UTF-8"?>
<!-- Generated by org.testng.reporters.JUnitXMLReporter -->
<testsuite hostname="Grandhi" ignored="1" name="Module2" tests="2" failures="0" timestamp="21 Feb 2020 03:32:13 GMT" time="0.014" errors="0">
  <testcase name="TC06" time="0.0" classname="testNGDemo.Ex1"/>
  <testcase name="TC07" time="0.0" classname="testNGDemo.Ex1"/>
  <testcase name="TC05" time="0.0" classname="testNGDemo.Ex1">
    <ignored/>
  </testcase> <!-- TC05 -->
</testsuite> <!-- Module2 -->
