<?xml version="1.0" encoding="UTF-8"?>
<!-- Generated by org.testng.reporters.JUnitXMLReporter -->
<testsuite hostname="Grandhi" ignored="0" name="Module1" tests="4" failures="0" timestamp="21 Feb 2020 03:32:13 GMT" time="0.06" errors="0">
  <testcase name="TC03" time="0.008" classname="testNGDemo.Ex3"/>
  <testcase name="TC04" time="0.004" classname="testNGDemo.Ex3"/>
  <testcase name="TC01" time="0.004" classname="testNGDemo.Ex2"/>
  <testcase name="TC02" time="0.004" classname="testNGDemo.Ex2"/>
</testsuite> <!-- Module1 -->
