<?xml version="1.0" encoding="UTF-8"?>
<!-- Generated by org.testng.reporters.JUnitXMLReporter -->
<testsuite hostname="Grandhi" ignored="0" name="Test" tests="4" failures="0" timestamp="22 Feb 2020 05:05:20 GMT" time="0.041" errors="0">
  <testcase name="TC01" time="0.006" classname="testNGDemo.Ex2"/>
  <testcase name="TC02" time="0.002" classname="testNGDemo.Ex2"/>
  <testcase name="TC03" time="0.001" classname="testNGDemo.Ex3"/>
  <testcase name="TC04" time="0.001" classname="testNGDemo.Ex3"/>
</testsuite> <!-- Test -->
